<?xml version="1.0" encoding="UTF-8"?>
<!-- Generated by org.testng.reporters.JUnitReportReporter -->
<testsuite hostname="admin-PC" failures="0" tests="1" name="org.openqa.selenium.Tc__001_Test" time="20.680" errors="0" timestamp="2024-03-22T16:26:57 IST" skipped="0">
  <testcase classname="org.openqa.selenium.Tc__001_Test" name="run" time="20.680"/>
  <system-out/>
</testsuite> <!-- org.openqa.selenium.Tc__001_Test -->
